Determining if the pthread_create exist failed with the following output:
Change Dir: /home/INTRANET/eduperre/myfiles/2017/cs116-2017-Eliane-Duperrex/Neuron/Part2/src/bin/CMakeFiles/CMakeTmp

Run Build Command:"/usr/bin/make" "cmTryCompileExec3983219239/fast"
/usr/bin/make -f CMakeFiles/cmTryCompileExec3983219239.dir/build.make CMakeFiles/cmTryCompileExec3983219239.dir/build
make[1]: Entering directory `/home/INTRANET/eduperre/myfiles/2017/cs116-2017-Eliane-Duperrex/Neuron/Part2/src/bin/CMakeFiles/CMakeTmp'
/usr/local/bin/cmake -E cmake_progress_report /home/INTRANET/eduperre/myfiles/2017/cs116-2017-Eliane-Duperrex/Neuron/Part2/src/bin/CMakeFiles/CMakeTmp/CMakeFiles 1
Building C object CMakeFiles/cmTryCompileExec3983219239.dir/CheckSymbolExists.c.o
/usr/bin/cc    -o CMakeFiles/cmTryCompileExec3983219239.dir/CheckSymbolExists.c.o   -c /home/INTRANET/eduperre/myfiles/2017/cs116-2017-Eliane-Duperrex/Neuron/Part2/src/bin/CMakeFiles/CMakeTmp/CheckSymbolExists.c
Linking C executable cmTryCompileExec3983219239
/usr/local/bin/cmake -E cmake_link_script CMakeFiles/cmTryCompileExec3983219239.dir/link.txt --verbose=1
/usr/bin/cc       CMakeFiles/cmTryCompileExec3983219239.dir/CheckSymbolExists.c.o  -o cmTryCompileExec3983219239 -rdynamic 
CMakeFiles/cmTryCompileExec3983219239.dir/CheckSymbolExists.c.o: In function `main':
CheckSymbolExists.c:(.text+0x16): undefined reference to `pthread_create'
collect2: error: ld returned 1 exit status
make[1]: *** [cmTryCompileExec3983219239] Error 1
make[1]: Leaving directory `/home/INTRANET/eduperre/myfiles/2017/cs116-2017-Eliane-Duperrex/Neuron/Part2/src/bin/CMakeFiles/CMakeTmp'
make: *** [cmTryCompileExec3983219239/fast] Error 2

File /home/INTRANET/eduperre/myfiles/2017/cs116-2017-Eliane-Duperrex/Neuron/Part2/src/bin/CMakeFiles/CMakeTmp/CheckSymbolExists.c:
/* */
#include <pthread.h>

int main(int argc, char** argv)
{
  (void)argv;
#ifndef pthread_create
  return ((int*)(&pthread_create))[argc];
#else
  (void)argc;
  return 0;
#endif
}

Determining if the pthread_create exist failed with the following output:
Change Dir: /home/INTRANET/eduperre/myfiles/2017/cs116-2017-Eliane-Duperrex/Neuron/Part2/src/bin/CMakeFiles/CMakeTmp

Run Build Command:"/usr/bin/make" "cmTryCompileExec3930689185/fast"
/usr/bin/make -f CMakeFiles/cmTryCompileExec3930689185.dir/build.make CMakeFiles/cmTryCompileExec3930689185.dir/build
make[1]: Entering directory `/home/INTRANET/eduperre/myfiles/2017/cs116-2017-Eliane-Duperrex/Neuron/Part2/src/bin/CMakeFiles/CMakeTmp'
/usr/local/bin/cmake -E cmake_progress_report /home/INTRANET/eduperre/myfiles/2017/cs116-2017-Eliane-Duperrex/Neuron/Part2/src/bin/CMakeFiles/CMakeTmp/CMakeFiles 1
Building C object CMakeFiles/cmTryCompileExec3930689185.dir/CheckSymbolExists.c.o
/usr/bin/cc    -o CMakeFiles/cmTryCompileExec3930689185.dir/CheckSymbolExists.c.o   -c /home/INTRANET/eduperre/myfiles/2017/cs116-2017-Eliane-Duperrex/Neuron/Part2/src/bin/CMakeFiles/CMakeTmp/CheckSymbolExists.c
Linking C executable cmTryCompileExec3930689185
/usr/local/bin/cmake -E cmake_link_script CMakeFiles/cmTryCompileExec3930689185.dir/link.txt --verbose=1
/usr/bin/cc       CMakeFiles/cmTryCompileExec3930689185.dir/CheckSymbolExists.c.o  -o cmTryCompileExec3930689185 -rdynamic 
CMakeFiles/cmTryCompileExec3930689185.dir/CheckSymbolExists.c.o: In function `main':
CheckSymbolExists.c:(.text+0x16): undefined reference to `pthread_create'
collect2: error: ld returned 1 exit status
make[1]: *** [cmTryCompileExec3930689185] Error 1
make[1]: Leaving directory `/home/INTRANET/eduperre/myfiles/2017/cs116-2017-Eliane-Duperrex/Neuron/Part2/src/bin/CMakeFiles/CMakeTmp'
make: *** [cmTryCompileExec3930689185/fast] Error 2

File /home/INTRANET/eduperre/myfiles/2017/cs116-2017-Eliane-Duperrex/Neuron/Part2/src/bin/CMakeFiles/CMakeTmp/CheckSymbolExists.c:
/* */
#include <pthread.h>

int main(int argc, char** argv)
{
  (void)argv;
#ifndef pthread_create
  return ((int*)(&pthread_create))[argc];
#else
  (void)argc;
  return 0;
#endif
}

